C:\Program Files (x86)\Microsoft Visual Studio\2019\Community\MSBuild\Current\Bin\Microsoft.Common.CurrentVersion.targets(2081,5): warning MSB3245: 無法解析此參考。找不到組件 "HKOGLPanel"。請檢查以確定磁碟上有該組件。 如果程式碼需要此參考，可能會發生編譯錯誤。
  DotNetUitilities.cpp
  FaceData.cpp
D:\Mesh-Face-Clustering\OpenMesh_EX\Mesh\FaceData.cpp(36,130): warning C4244: '=': 將 'double' 轉換為 'float'，由於類型不同，可能導致資料遺失
  GLCamera.cc
  GUA_OM.cpp
D:\Mesh-Face-Clustering\OpenMesh_EX\Mesh\Clustering.h(28,59): warning C4244: '引數': 將 'double' 轉換為 'float'，由於類型不同，可能導致資料遺失
D:\Mesh-Face-Clustering\OpenMesh_EX\Mesh\Clustering.h(36,9): warning C4101: 'j': 未參考的區域變數
D:\Mesh-Face-Clustering\OpenMesh_EX\Mesh\Clustering.h(122,27): warning C4267: '=': 將 'size_t' 轉換為 'int'，資料可能遺失
D:\Mesh-Face-Clustering\OpenMesh_EX\Mesh\GUA_OM.cpp(78,30): warning C4996: 'OpenMesh::Iterators::GenericIteratorT<OpenMesh::PolyConnectivity::This,OpenMesh::ArrayKernel::FaceHandle,OpenMesh::ArrayKernel,{&OpenMesh::ArrayKernel::has_face_status,0},{&OpenMesh::ArrayKernel::[thunk]: __cdecl OpenMesh::ArrayKernel::`vcall'{32,{flat}}' }',0}>::operator OpenMesh::FaceHandle': Implicit casts of iterators are unsafe. Use dereferencing operators -> and * instead.
D:\Mesh-Face-Clustering\OpenMesh_EX\Mesh\GUA_OM.cpp(80,34): warning C4996: 'OpenMesh::Iterators::GenericCirculatorT_DEPRECATED<OpenMesh::PolyConnectivity::This,OpenMesh::ArrayKernel::FaceHandle,OpenMesh::ArrayKernel::VertexHandle,{&OpenMesh::Iterators::GenericCirculatorBaseT<OpenMesh::PolyConnectivity::This>::toVertexHandle,0}>::handle': This function clutters your code. Use dereferencing operators -> and * instead.
D:\Mesh-Face-Clustering\OpenMesh_EX\Mesh\GUA_OM.cpp(81,33): warning C4996: 'OpenMesh::Iterators::GenericCirculatorT_DEPRECATED<OpenMesh::PolyConnectivity::This,OpenMesh::ArrayKernel::FaceHandle,OpenMesh::ArrayKernel::VertexHandle,{&OpenMesh::Iterators::GenericCirculatorBaseT<OpenMesh::PolyConnectivity::This>::toVertexHandle,0}>::handle': This function clutters your code. Use dereferencing operators -> and * instead.
D:\Mesh-Face-Clustering\OpenMesh_EX\Mesh\GUA_OM.cpp(99,38): warning C4996: 'OpenMesh::Iterators::GenericIteratorT<OpenMesh::PolyConnectivity::This,OpenMesh::ArrayKernel::EdgeHandle,OpenMesh::ArrayKernel,{&OpenMesh::ArrayKernel::has_edge_status,0},{&OpenMesh::ArrayKernel::[thunk]: __cdecl OpenMesh::ArrayKernel::`vcall'{24,{flat}}' }',0}>::handle': This function clutters your code. Use dereferencing operators -> and * instead.
D:\Mesh-Face-Clustering\OpenMesh_EX\Mesh\GUA_OM.cpp(157,43): warning C4996: 'OpenMesh::Iterators::GenericCirculatorT_DEPRECATED<OpenMesh::PolyConnectivity::This,OpenMesh::ArrayKernel::FaceHandle,OpenMesh::ArrayKernel::VertexHandle,{&OpenMesh::Iterators::GenericCirculatorBaseT<OpenMesh::PolyConnectivity::This>::toVertexHandle,0}>::operator bool': Do not use this error prone implicit cast. Compare to end-iterator or use is_valid(), instead.
D:\Mesh-Face-Clustering\OpenMesh_EX\Mesh\GUA_OM.cpp(159,35): warning C4996: 'OpenMesh::Iterators::GenericCirculatorT_DEPRECATED<OpenMesh::PolyConnectivity::This,OpenMesh::ArrayKernel::FaceHandle,OpenMesh::ArrayKernel::VertexHandle,{&OpenMesh::Iterators::GenericCirculatorBaseT<OpenMesh::PolyConnectivity::This>::toVertexHandle,0}>::handle': This function clutters your code. Use dereferencing operators -> and * instead.
D:\Mesh-Face-Clustering\OpenMesh_EX\Mesh\GUA_OM.cpp(160,34): warning C4996: 'OpenMesh::Iterators::GenericCirculatorT_DEPRECATED<OpenMesh::PolyConnectivity::This,OpenMesh::ArrayKernel::FaceHandle,OpenMesh::ArrayKernel::VertexHandle,{&OpenMesh::Iterators::GenericCirculatorBaseT<OpenMesh::PolyConnectivity::This>::toVertexHandle,0}>::handle': This function clutters your code. Use dereferencing operators -> and * instead.
D:\Mesh-Face-Clustering\OpenMesh_EX\Mesh\GUA_OM.cpp(270,41): warning C4996: 'OpenMesh::Iterators::GenericCirculatorT_DEPRECATED<OpenMesh::PolyConnectivity::This,OpenMesh::ArrayKernel::VertexHandle,OpenMesh::ArrayKernel::VertexHandle,{&OpenMesh::Iterators::GenericCirculatorBaseT<OpenMesh::PolyConnectivity::This>::toVertexHandle,0}>::operator bool': Do not use this error prone implicit cast. Compare to end-iterator or use is_valid(), instead.
D:\Mesh-Face-Clustering\OpenMesh_EX\Mesh\GUA_OM.cpp(271,12): warning C4996: 'OpenMesh::Iterators::GenericCirculatorT_DEPRECATED<OpenMesh::PolyConnectivity::This,OpenMesh::ArrayKernel::VertexHandle,OpenMesh::ArrayKernel::VertexHandle,{&OpenMesh::Iterators::GenericCirculatorBaseT<OpenMesh::PolyConnectivity::This>::toVertexHandle,0}>::handle': This function clutters your code. Use dereferencing operators -> and * instead.
D:\Mesh-Face-Clustering\OpenMesh_EX\Mesh\GUA_OM.cpp(304,49): warning C4996: 'OpenMesh::Iterators::GenericCirculatorT_DEPRECATED<OpenMesh::PolyConnectivity::This,OpenMesh::ArrayKernel::FaceHandle,OpenMesh::ArrayKernel::FaceHandle,{&OpenMesh::Iterators::GenericCirculatorBaseT<OpenMesh::PolyConnectivity::This>::toOppositeFaceHandle,0}>::operator bool': Do not use this error prone implicit cast. Compare to end-iterator or use is_valid(), instead.
D:\Mesh-Face-Clustering\OpenMesh_EX\Mesh\GUA_OM.cpp(306,22): warning C4996: 'OpenMesh::Iterators::GenericCirculatorT_DEPRECATED<OpenMesh::PolyConnectivity::This,OpenMesh::ArrayKernel::FaceHandle,OpenMesh::ArrayKernel::FaceHandle,{&OpenMesh::Iterators::GenericCirculatorBaseT<OpenMesh::PolyConnectivity::This>::toOppositeFaceHandle,0}>::handle': This function clutters your code. Use dereferencing operators -> and * instead.
D:\Mesh-Face-Clustering\OpenMesh_EX\Mesh\GUA_OM.cpp(308,39): warning C4996: 'OpenMesh::Iterators::GenericCirculatorT_DEPRECATED<OpenMesh::PolyConnectivity::This,OpenMesh::ArrayKernel::FaceHandle,OpenMesh::ArrayKernel::FaceHandle,{&OpenMesh::Iterators::GenericCirculatorBaseT<OpenMesh::PolyConnectivity::This>::toOppositeFaceHandle,0}>::handle': This function clutters your code. Use dereferencing operators -> and * instead.
D:\Mesh-Face-Clustering\OpenMesh_EX\Mesh\GUA_OM.cpp(309,19): warning C4996: 'OpenMesh::Iterators::GenericCirculatorT_DEPRECATED<OpenMesh::PolyConnectivity::This,OpenMesh::ArrayKernel::FaceHandle,OpenMesh::ArrayKernel::FaceHandle,{&OpenMesh::Iterators::GenericCirculatorBaseT<OpenMesh::PolyConnectivity::This>::toOppositeFaceHandle,0}>::handle': This function clutters your code. Use dereferencing operators -> and * instead.
D:\Mesh-Face-Clustering\OpenMesh_EX\Mesh\GUA_OM.cpp(339,20): warning C4996: 'OpenMesh::Iterators::GenericCirculatorT_DEPRECATED<OpenMesh::PolyConnectivity::This,OpenMesh::ArrayKernel::FaceHandle,OpenMesh::ArrayKernel::VertexHandle,{&OpenMesh::Iterators::GenericCirculatorBaseT<OpenMesh::PolyConnectivity::This>::toVertexHandle,0}>::operator bool': Do not use this error prone implicit cast. Compare to end-iterator or use is_valid(), instead.
D:\Mesh-Face-Clustering\OpenMesh_EX\Mesh\GUA_OM.cpp(341,20): warning C4996: 'OpenMesh::Iterators::GenericCirculatorT_DEPRECATED<OpenMesh::PolyConnectivity::This,OpenMesh::ArrayKernel::FaceHandle,OpenMesh::ArrayKernel::VertexHandle,{&OpenMesh::Iterators::GenericCirculatorBaseT<OpenMesh::PolyConnectivity::This>::toVertexHandle,0}>::handle': This function clutters your code. Use dereferencing operators -> and * instead.
D:\Mesh-Face-Clustering\OpenMesh_EX\Mesh\GUA_OM.cpp(388,49): warning C4996: 'OpenMesh::Iterators::GenericCirculatorT_DEPRECATED<OpenMesh::PolyConnectivity::This,OpenMesh::ArrayKernel::FaceHandle,OpenMesh::ArrayKernel::FaceHandle,{&OpenMesh::Iterators::GenericCirculatorBaseT<OpenMesh::PolyConnectivity::This>::toOppositeFaceHandle,0}>::operator bool': Do not use this error prone implicit cast. Compare to end-iterator or use is_valid(), instead.
D:\Mesh-Face-Clustering\OpenMesh_EX\Mesh\GUA_OM.cpp(390,22): warning C4996: 'OpenMesh::Iterators::GenericCirculatorT_DEPRECATED<OpenMesh::PolyConnectivity::This,OpenMesh::ArrayKernel::FaceHandle,OpenMesh::ArrayKernel::FaceHandle,{&OpenMesh::Iterators::GenericCirculatorBaseT<OpenMesh::PolyConnectivity::This>::toOppositeFaceHandle,0}>::handle': This function clutters your code. Use dereferencing operators -> and * instead.
D:\Mesh-Face-Clustering\OpenMesh_EX\Mesh\GUA_OM.cpp(392,39): warning C4996: 'OpenMesh::Iterators::GenericCirculatorT_DEPRECATED<OpenMesh::PolyConnectivity::This,OpenMesh::ArrayKernel::FaceHandle,OpenMesh::ArrayKernel::FaceHandle,{&OpenMesh::Iterators::GenericCirculatorBaseT<OpenMesh::PolyConnectivity::This>::toOppositeFaceHandle,0}>::handle': This function clutters your code. Use dereferencing operators -> and * instead.
D:\Mesh-Face-Clustering\OpenMesh_EX\Mesh\GUA_OM.cpp(393,19): warning C4996: 'OpenMesh::Iterators::GenericCirculatorT_DEPRECATED<OpenMesh::PolyConnectivity::This,OpenMesh::ArrayKernel::FaceHandle,OpenMesh::ArrayKernel::FaceHandle,{&OpenMesh::Iterators::GenericCirculatorBaseT<OpenMesh::PolyConnectivity::This>::toOppositeFaceHandle,0}>::handle': This function clutters your code. Use dereferencing operators -> and * instead.
D:\Mesh-Face-Clustering\OpenMesh_EX\Mesh\GUA_OM.cpp(427,20): warning C4996: 'OpenMesh::Iterators::GenericCirculatorT_DEPRECATED<OpenMesh::PolyConnectivity::This,OpenMesh::ArrayKernel::FaceHandle,OpenMesh::ArrayKernel::VertexHandle,{&OpenMesh::Iterators::GenericCirculatorBaseT<OpenMesh::PolyConnectivity::This>::toVertexHandle,0}>::operator bool': Do not use this error prone implicit cast. Compare to end-iterator or use is_valid(), instead.
D:\Mesh-Face-Clustering\OpenMesh_EX\Mesh\GUA_OM.cpp(429,20): warning C4996: 'OpenMesh::Iterators::GenericCirculatorT_DEPRECATED<OpenMesh::PolyConnectivity::This,OpenMesh::ArrayKernel::FaceHandle,OpenMesh::ArrayKernel::VertexHandle,{&OpenMesh::Iterators::GenericCirculatorBaseT<OpenMesh::PolyConnectivity::This>::toVertexHandle,0}>::handle': This function clutters your code. Use dereferencing operators -> and * instead.
D:\Mesh-Face-Clustering\OpenMesh_EX\Mesh\GUA_OM.cpp(465,19): warning C4996: 'OpenMesh::Iterators::GenericIteratorT<OpenMesh::PolyConnectivity::This,OpenMesh::ArrayKernel::VertexHandle,OpenMesh::ArrayKernel,{&OpenMesh::ArrayKernel::has_vertex_status,0},{&OpenMesh::ArrayKernel::[thunk]: __cdecl OpenMesh::ArrayKernel::`vcall'{8,{flat}}' }',0}>::operator OpenMesh::VertexHandle': Implicit casts of iterators are unsafe. Use dereferencing operators -> and * instead.
D:\Mesh-Face-Clustering\OpenMesh_EX\Mesh\GUA_OM.cpp(466,17): warning C4996: 'OpenMesh::Iterators::GenericIteratorT<OpenMesh::PolyConnectivity::This,OpenMesh::ArrayKernel::VertexHandle,OpenMesh::ArrayKernel,{&OpenMesh::ArrayKernel::has_vertex_status,0},{&OpenMesh::ArrayKernel::[thunk]: __cdecl OpenMesh::ArrayKernel::`vcall'{8,{flat}}' }',0}>::handle': This function clutters your code. Use dereferencing operators -> and * instead.
D:\Mesh-Face-Clustering\OpenMesh_EX\Mesh\GUA_OM.cpp(481,33): warning C4305: '引數': 從 'double' 轉換為 'GLfloat'，是由較大的類型轉換為較小的類型，可能導致資料遺失
D:\Mesh-Face-Clustering\OpenMesh_EX\Mesh\GUA_OM.cpp(484,24): warning C4996: 'OpenMesh::Iterators::GenericIteratorT<OpenMesh::PolyConnectivity::This,OpenMesh::ArrayKernel::FaceHandle,OpenMesh::ArrayKernel,{&OpenMesh::ArrayKernel::has_face_status,0},{&OpenMesh::ArrayKernel::[thunk]: __cdecl OpenMesh::ArrayKernel::`vcall'{32,{flat}}' }',0}>::operator OpenMesh::FaceHandle': Implicit casts of iterators are unsafe. Use dereferencing operators -> and * instead.
D:\Mesh-Face-Clustering\OpenMesh_EX\Mesh\GUA_OM.cpp(486,28): warning C4996: 'OpenMesh::Iterators::GenericCirculatorT_DEPRECATED<OpenMesh::PolyConnectivity::This,OpenMesh::ArrayKernel::FaceHandle,OpenMesh::ArrayKernel::VertexHandle,{&OpenMesh::Iterators::GenericCirculatorBaseT<OpenMesh::PolyConnectivity::This>::toVertexHandle,0}>::handle': This function clutters your code. Use dereferencing operators -> and * instead.
D:\Mesh-Face-Clustering\OpenMesh_EX\Mesh\GUA_OM.cpp(487,27): warning C4996: 'OpenMesh::Iterators::GenericCirculatorT_DEPRECATED<OpenMesh::PolyConnectivity::This,OpenMesh::ArrayKernel::FaceHandle,OpenMesh::ArrayKernel::VertexHandle,{&OpenMesh::Iterators::GenericCirculatorBaseT<OpenMesh::PolyConnectivity::This>::toVertexHandle,0}>::handle': This function clutters your code. Use dereferencing operators -> and * instead.
D:\Mesh-Face-Clustering\OpenMesh_EX\Mesh\GUA_OM.cpp(514,9): warning C4244: '=': 將 'int' 轉換為 'float'，由於類型不同，可能導致資料遺失
D:\Mesh-Face-Clustering\OpenMesh_EX\Mesh\GUA_OM.cpp(547,73): warning C4244: '引數': 將 'Scalar' 轉換為 'GLfloat'，由於類型不同，可能導致資料遺失
          with
          [
              Scalar=double
          ]
D:\Mesh-Face-Clustering\OpenMesh_EX\Mesh\GUA_OM.cpp(547,52): warning C4244: '引數': 將 'Scalar' 轉換為 'GLfloat'，由於類型不同，可能導致資料遺失
          with
          [
              Scalar=double
          ]
D:\Mesh-Face-Clustering\OpenMesh_EX\Mesh\GUA_OM.cpp(547,31): warning C4244: '引數': 將 'Scalar' 轉換為 'GLfloat'，由於類型不同，可能導致資料遺失
          with
          [
              Scalar=double
          ]
D:\Mesh-Face-Clustering\OpenMesh_EX\Mesh\GUA_OM.cpp(546,20): warning C4996: 'OpenMesh::Iterators::GenericIteratorT<OpenMesh::PolyConnectivity::This,OpenMesh::ArrayKernel::FaceHandle,OpenMesh::ArrayKernel,{&OpenMesh::ArrayKernel::has_face_status,0},{&OpenMesh::ArrayKernel::[thunk]: __cdecl OpenMesh::ArrayKernel::`vcall'{32,{flat}}' }',0}>::handle': This function clutters your code. Use dereferencing operators -> and * instead.
D:\Mesh-Face-Clustering\OpenMesh_EX\Mesh\GUA_OM.cpp(548,24): warning C4996: 'OpenMesh::Iterators::GenericIteratorT<OpenMesh::PolyConnectivity::This,OpenMesh::ArrayKernel::FaceHandle,OpenMesh::ArrayKernel,{&OpenMesh::ArrayKernel::has_face_status,0},{&OpenMesh::ArrayKernel::[thunk]: __cdecl OpenMesh::ArrayKernel::`vcall'{32,{flat}}' }',0}>::operator OpenMesh::FaceHandle': Implicit casts of iterators are unsafe. Use dereferencing operators -> and * instead.
D:\Mesh-Face-Clustering\OpenMesh_EX\Mesh\GUA_OM.cpp(551,28): warning C4996: 'OpenMesh::Iterators::GenericCirculatorT_DEPRECATED<OpenMesh::PolyConnectivity::This,OpenMesh::ArrayKernel::FaceHandle,OpenMesh::ArrayKernel::VertexHandle,{&OpenMesh::Iterators::GenericCirculatorBaseT<OpenMesh::PolyConnectivity::This>::toVertexHandle,0}>::handle': This function clutters your code. Use dereferencing operators -> and * instead.
D:\Mesh-Face-Clustering\OpenMesh_EX\Mesh\GUA_OM.cpp(552,36): warning C4996: 'OpenMesh::Iterators::GenericCirculatorT_DEPRECATED<OpenMesh::PolyConnectivity::This,OpenMesh::ArrayKernel::FaceHandle,OpenMesh::ArrayKernel::VertexHandle,{&OpenMesh::Iterators::GenericCirculatorBaseT<OpenMesh::PolyConnectivity::This>::toVertexHandle,0}>::handle': This function clutters your code. Use dereferencing operators -> and * instead.
D:\Mesh-Face-Clustering\OpenMesh_EX\Mesh\GUA_OM.cpp(553,39): warning C4996: 'OpenMesh::Iterators::GenericCirculatorT_DEPRECATED<OpenMesh::PolyConnectivity::This,OpenMesh::ArrayKernel::FaceHandle,OpenMesh::ArrayKernel::VertexHandle,{&OpenMesh::Iterators::GenericCirculatorBaseT<OpenMesh::PolyConnectivity::This>::toVertexHandle,0}>::handle': This function clutters your code. Use dereferencing operators -> and * instead.
D:\Mesh-Face-Clustering\OpenMesh_EX\Mesh\GUA_OM.cpp(621,46): warning C4996: 'OpenMesh::Iterators::GenericIteratorT<OpenMesh::PolyConnectivity::This,OpenMesh::ArrayKernel::EdgeHandle,OpenMesh::ArrayKernel,{&OpenMesh::ArrayKernel::has_edge_status,0},{&OpenMesh::ArrayKernel::[thunk]: __cdecl OpenMesh::ArrayKernel::`vcall'{24,{flat}}' }',0}>::handle': This function clutters your code. Use dereferencing operators -> and * instead.
D:\Mesh-Face-Clustering\OpenMesh_EX\Mesh\GUA_OM.cpp(681,30): warning C4305: '引數': 從 'double' 轉換為 'GLfloat'，是由較大的類型轉換為較小的類型，可能導致資料遺失
D:\Mesh-Face-Clustering\OpenMesh_EX\Mesh\GUA_OM.cpp(680,21): warning C4996: 'OpenMesh::Iterators::GenericIteratorT<OpenMesh::PolyConnectivity::This,OpenMesh::ArrayKernel::FaceHandle,OpenMesh::ArrayKernel,{&OpenMesh::ArrayKernel::has_face_status,0},{&OpenMesh::ArrayKernel::[thunk]: __cdecl OpenMesh::ArrayKernel::`vcall'{32,{flat}}' }',0}>::handle': This function clutters your code. Use dereferencing operators -> and * instead.
D:\Mesh-Face-Clustering\OpenMesh_EX\Mesh\GUA_OM.cpp(682,37): warning C4996: 'OpenMesh::Iterators::GenericIteratorT<OpenMesh::PolyConnectivity::This,OpenMesh::ArrayKernel::FaceHandle,OpenMesh::ArrayKernel,{&OpenMesh::ArrayKernel::has_face_status,0},{&OpenMesh::ArrayKernel::[thunk]: __cdecl OpenMesh::ArrayKernel::`vcall'{32,{flat}}' }',0}>::operator OpenMesh::FaceHandle': Implicit casts of iterators are unsafe. Use dereferencing operators -> and * instead.
D:\Mesh-Face-Clustering\OpenMesh_EX\Mesh\GUA_OM.cpp(685,34): warning C4996: 'OpenMesh::Iterators::GenericCirculatorT_DEPRECATED<OpenMesh::PolyConnectivity::This,OpenMesh::ArrayKernel::FaceHandle,OpenMesh::ArrayKernel::VertexHandle,{&OpenMesh::Iterators::GenericCirculatorBaseT<OpenMesh::PolyConnectivity::This>::toVertexHandle,0}>::handle': This function clutters your code. Use dereferencing operators -> and * instead.
D:\Mesh-Face-Clustering\OpenMesh_EX\Mesh\GUA_OM.cpp(713,52): warning C4996: 'OpenMesh::Iterators::GenericIteratorT<OpenMesh::PolyConnectivity::This,OpenMesh::ArrayKernel::EdgeHandle,OpenMesh::ArrayKernel,{&OpenMesh::ArrayKernel::has_edge_status,0},{&OpenMesh::ArrayKernel::[thunk]: __cdecl OpenMesh::ArrayKernel::`vcall'{24,{flat}}' }',0}>::handle': This function clutters your code. Use dereferencing operators -> and * instead.
D:\Mesh-Face-Clustering\OpenMesh_EX\Mesh\GUA_OM.cpp(738,46): warning C4996: 'OpenMesh::Iterators::GenericIteratorT<OpenMesh::PolyConnectivity::This,OpenMesh::ArrayKernel::EdgeHandle,OpenMesh::ArrayKernel,{&OpenMesh::ArrayKernel::has_edge_status,0},{&OpenMesh::ArrayKernel::[thunk]: __cdecl OpenMesh::ArrayKernel::`vcall'{24,{flat}}' }',0}>::handle': This function clutters your code. Use dereferencing operators -> and * instead.
D:\Mesh-Face-Clustering\OpenMesh_EX\Mesh\GUA_OM.cpp(757,21): warning C4996: 'OpenMesh::Iterators::GenericIteratorT<OpenMesh::PolyConnectivity::This,OpenMesh::ArrayKernel::VertexHandle,OpenMesh::ArrayKernel,{&OpenMesh::ArrayKernel::has_vertex_status,0},{&OpenMesh::ArrayKernel::[thunk]: __cdecl OpenMesh::ArrayKernel::`vcall'{8,{flat}}' }',0}>::operator OpenMesh::VertexHandle': Implicit casts of iterators are unsafe. Use dereferencing operators -> and * instead.
D:\Mesh-Face-Clustering\OpenMesh_EX\Mesh\GUA_OM.cpp(809,26): warning C4244: '=': 將 'unsigned __int64' 轉換為 'double'，由於類型不同，可能導致資料遺失
D:\Mesh-Face-Clustering\OpenMesh_EX\Mesh\GUA_OM.cpp(815,33): warning C4244: '+=': 將 'double' 轉換為 '_Ty2'，由於類型不同，可能導致資料遺失
          with
          [
              _Ty2=float
          ]
D:\Mesh-Face-Clustering\OpenMesh_EX\Mesh\GUA_OM.cpp(821,39): warning C4244: '=': 將 'double' 轉換為 '_Ty2'，由於類型不同，可能導致資料遺失
          with
          [
              _Ty2=int
          ]
D:\Mesh-Face-Clustering\OpenMesh_EX\Mesh\GUA_OM.cpp(825,57): warning C4244: '+=': 將 'double' 轉換為 'float'，由於類型不同，可能導致資料遺失
D:\Mesh-Face-Clustering\OpenMesh_EX\Mesh\GUA_OM.cpp(829,40): warning C4244: '=': 將 'double' 轉換為 '_Ty2'，由於類型不同，可能導致資料遺失
          with
          [
              _Ty2=int
          ]
D:\Mesh-Face-Clustering\OpenMesh_EX\Mesh\GUA_OM.cpp(785,21): warning C4996: 'OpenMesh::Iterators::GenericIteratorT<OpenMesh::PolyConnectivity::This,OpenMesh::ArrayKernel::VertexHandle,OpenMesh::ArrayKernel,{&OpenMesh::ArrayKernel::has_vertex_status,0},{&OpenMesh::ArrayKernel::[thunk]: __cdecl OpenMesh::ArrayKernel::`vcall'{8,{flat}}' }',0}>::handle': This function clutters your code. Use dereferencing operators -> and * instead.
D:\Mesh-Face-Clustering\OpenMesh_EX\Mesh\GUA_OM.cpp(786,36): warning C4996: 'OpenMesh::Iterators::GenericIteratorT<OpenMesh::PolyConnectivity::This,OpenMesh::ArrayKernel::VertexHandle,OpenMesh::ArrayKernel,{&OpenMesh::ArrayKernel::has_vertex_status,0},{&OpenMesh::ArrayKernel::[thunk]: __cdecl OpenMesh::ArrayKernel::`vcall'{8,{flat}}' }',0}>::handle': This function clutters your code. Use dereferencing operators -> and * instead.
D:\Mesh-Face-Clustering\OpenMesh_EX\Mesh\GUA_OM.cpp(790,21): warning C4996: 'OpenMesh::Iterators::GenericIteratorT<OpenMesh::PolyConnectivity::This,OpenMesh::ArrayKernel::FaceHandle,OpenMesh::ArrayKernel,{&OpenMesh::ArrayKernel::has_face_status,0},{&OpenMesh::ArrayKernel::[thunk]: __cdecl OpenMesh::ArrayKernel::`vcall'{32,{flat}}' }',0}>::handle': This function clutters your code. Use dereferencing operators -> and * instead.
D:\Mesh-Face-Clustering\OpenMesh_EX\Mesh\GUA_OM.cpp(791,43): warning C4996: 'OpenMesh::Iterators::GenericIteratorT<OpenMesh::PolyConnectivity::This,OpenMesh::ArrayKernel::FaceHandle,OpenMesh::ArrayKernel,{&OpenMesh::ArrayKernel::has_face_status,0},{&OpenMesh::ArrayKernel::[thunk]: __cdecl OpenMesh::ArrayKernel::`vcall'{32,{flat}}' }',0}>::handle': This function clutters your code. Use dereferencing operators -> and * instead.
D:\Mesh-Face-Clustering\OpenMesh_EX\Mesh\GUA_OM.cpp(792,48): warning C4996: 'OpenMesh::Iterators::GenericIteratorT<OpenMesh::PolyConnectivity::This,OpenMesh::ArrayKernel::FaceHandle,OpenMesh::ArrayKernel,{&OpenMesh::ArrayKernel::has_face_status,0},{&OpenMesh::ArrayKernel::[thunk]: __cdecl OpenMesh::ArrayKernel::`vcall'{32,{flat}}' }',0}>::handle': This function clutters your code. Use dereferencing operators -> and * instead.
D:\Mesh-Face-Clustering\OpenMesh_EX\Mesh\GUA_OM.cpp(793,24): warning C4996: 'OpenMesh::Iterators::GenericIteratorT<OpenMesh::PolyConnectivity::This,OpenMesh::ArrayKernel::FaceHandle,OpenMesh::ArrayKernel,{&OpenMesh::ArrayKernel::has_face_status,0},{&OpenMesh::ArrayKernel::[thunk]: __cdecl OpenMesh::ArrayKernel::`vcall'{32,{flat}}' }',0}>::operator OpenMesh::FaceHandle': Implicit casts of iterators are unsafe. Use dereferencing operators -> and * instead.
D:\Mesh-Face-Clustering\OpenMesh_EX\Mesh\GUA_OM.cpp(797,36): warning C4996: 'OpenMesh::Iterators::GenericCirculatorT_DEPRECATED<OpenMesh::PolyConnectivity::This,OpenMesh::ArrayKernel::FaceHandle,OpenMesh::ArrayKernel::VertexHandle,{&OpenMesh::Iterators::GenericCirculatorBaseT<OpenMesh::PolyConnectivity::This>::toVertexHandle,0}>::handle': This function clutters your code. Use dereferencing operators -> and * instead.
D:\Mesh-Face-Clustering\OpenMesh_EX\Mesh\GUA_OM.cpp(798,39): warning C4996: 'OpenMesh::Iterators::GenericCirculatorT_DEPRECATED<OpenMesh::PolyConnectivity::This,OpenMesh::ArrayKernel::FaceHandle,OpenMesh::ArrayKernel::VertexHandle,{&OpenMesh::Iterators::GenericCirculatorBaseT<OpenMesh::PolyConnectivity::This>::toVertexHandle,0}>::handle': This function clutters your code. Use dereferencing operators -> and * instead.
D:\Mesh-Face-Clustering\OpenMesh_EX\Mesh\GUA_OM.cpp(799,28): warning C4996: 'OpenMesh::Iterators::GenericCirculatorT_DEPRECATED<OpenMesh::PolyConnectivity::This,OpenMesh::ArrayKernel::FaceHandle,OpenMesh::ArrayKernel::VertexHandle,{&OpenMesh::Iterators::GenericCirculatorBaseT<OpenMesh::PolyConnectivity::This>::toVertexHandle,0}>::handle': This function clutters your code. Use dereferencing operators -> and * instead.
D:\Mesh-Face-Clustering\OpenMesh_EX\Mesh\GUA_OM.cpp(847,17): warning C4996: 'OpenMesh::Iterators::GenericIteratorT<OpenMesh::PolyConnectivity::This,OpenMesh::ArrayKernel::FaceHandle,OpenMesh::ArrayKernel,{&OpenMesh::ArrayKernel::has_face_status,0},{&OpenMesh::ArrayKernel::[thunk]: __cdecl OpenMesh::ArrayKernel::`vcall'{32,{flat}}' }',0}>::handle': This function clutters your code. Use dereferencing operators -> and * instead.
D:\Mesh-Face-Clustering\OpenMesh_EX\Mesh\GUA_OM.cpp(850,21): warning C4996: 'OpenMesh::Iterators::GenericIteratorT<OpenMesh::PolyConnectivity::This,OpenMesh::ArrayKernel::FaceHandle,OpenMesh::ArrayKernel,{&OpenMesh::ArrayKernel::has_face_status,0},{&OpenMesh::ArrayKernel::[thunk]: __cdecl OpenMesh::ArrayKernel::`vcall'{32,{flat}}' }',0}>::handle': This function clutters your code. Use dereferencing operators -> and * instead.
D:\Mesh-Face-Clustering\OpenMesh_EX\Mesh\GUA_OM.cpp(851,18): warning C4996: 'OpenMesh::Iterators::GenericIteratorT<OpenMesh::PolyConnectivity::This,OpenMesh::ArrayKernel::FaceHandle,OpenMesh::ArrayKernel,{&OpenMesh::ArrayKernel::has_face_status,0},{&OpenMesh::ArrayKernel::[thunk]: __cdecl OpenMesh::ArrayKernel::`vcall'{32,{flat}}' }',0}>::handle': This function clutters your code. Use dereferencing operators -> and * instead.
D:\Mesh-Face-Clustering\OpenMesh_EX\Mesh\GUA_OM.cpp(852,33): warning C4996: 'OpenMesh::Iterators::GenericIteratorT<OpenMesh::PolyConnectivity::This,OpenMesh::ArrayKernel::FaceHandle,OpenMesh::ArrayKernel,{&OpenMesh::ArrayKernel::has_face_status,0},{&OpenMesh::ArrayKernel::[thunk]: __cdecl OpenMesh::ArrayKernel::`vcall'{32,{flat}}' }',0}>::handle': This function clutters your code. Use dereferencing operators -> and * instead.
D:\Mesh-Face-Clustering\OpenMesh_EX\Mesh\GUA_OM.cpp(874,30): warning C4996: 'OpenMesh::Iterators::GenericIteratorT<OpenMesh::PolyConnectivity::This,OpenMesh::ArrayKernel::FaceHandle,OpenMesh::ArrayKernel,{&OpenMesh::ArrayKernel::has_face_status,0},{&OpenMesh::ArrayKernel::[thunk]: __cdecl OpenMesh::ArrayKernel::`vcall'{32,{flat}}' }',0}>::operator OpenMesh::FaceHandle': Implicit casts of iterators are unsafe. Use dereferencing operators -> and * instead.
D:\Mesh-Face-Clustering\OpenMesh_EX\Mesh\GUA_OM.cpp(875,22): warning C4996: 'OpenMesh::Iterators::GenericCirculatorT_DEPRECATED<OpenMesh::PolyConnectivity::This,OpenMesh::ArrayKernel::FaceHandle,OpenMesh::ArrayKernel::FaceHandle,{&OpenMesh::Iterators::GenericCirculatorBaseT<OpenMesh::PolyConnectivity::This>::toOppositeFaceHandle,0}>::handle': This function clutters your code. Use dereferencing operators -> and * instead.
D:\Mesh-Face-Clustering\OpenMesh_EX\Mesh\GUA_OM.cpp(876,19): warning C4996: 'OpenMesh::Iterators::GenericCirculatorT_DEPRECATED<OpenMesh::PolyConnectivity::This,OpenMesh::ArrayKernel::FaceHandle,OpenMesh::ArrayKernel::FaceHandle,{&OpenMesh::Iterators::GenericCirculatorBaseT<OpenMesh::PolyConnectivity::This>::toOppositeFaceHandle,0}>::handle': This function clutters your code. Use dereferencing operators -> and * instead.
D:\Mesh-Face-Clustering\OpenMesh_EX\Mesh\GUA_OM.cpp(877,34): warning C4996: 'OpenMesh::Iterators::GenericCirculatorT_DEPRECATED<OpenMesh::PolyConnectivity::This,OpenMesh::ArrayKernel::FaceHandle,OpenMesh::ArrayKernel::FaceHandle,{&OpenMesh::Iterators::GenericCirculatorBaseT<OpenMesh::PolyConnectivity::This>::toOppositeFaceHandle,0}>::handle': This function clutters your code. Use dereferencing operators -> and * instead.
D:\Mesh-Face-Clustering\OpenMesh_EX\Mesh\GUA_OM.cpp(890,13): warning C4244: '正在初始化': 將 'double' 轉換為 'int'，由於類型不同，可能導致資料遺失
D:\Mesh-Face-Clustering\OpenMesh_EX\Mesh\GUA_OM.cpp(934,23): warning C4996: 'OpenMesh::Iterators::GenericIteratorT<OpenMesh::PolyConnectivity::This,OpenMesh::ArrayKernel::FaceHandle,OpenMesh::ArrayKernel,{&OpenMesh::ArrayKernel::has_face_status,0},{&OpenMesh::ArrayKernel::[thunk]: __cdecl OpenMesh::ArrayKernel::`vcall'{32,{flat}}' }',0}>::handle': This function clutters your code. Use dereferencing operators -> and * instead.
D:\Mesh-Face-Clustering\OpenMesh_EX\Mesh\GUA_OM.cpp(935,13): warning C4996: 'OpenMesh::Iterators::GenericIteratorT<OpenMesh::PolyConnectivity::This,OpenMesh::ArrayKernel::FaceHandle,OpenMesh::ArrayKernel,{&OpenMesh::ArrayKernel::has_face_status,0},{&OpenMesh::ArrayKernel::[thunk]: __cdecl OpenMesh::ArrayKernel::`vcall'{32,{flat}}' }',0}>::handle': This function clutters your code. Use dereferencing operators -> and * instead.
D:\Mesh-Face-Clustering\OpenMesh_EX\Mesh\GUA_OM.cpp(936,20): warning C4996: 'OpenMesh::Iterators::GenericIteratorT<OpenMesh::PolyConnectivity::This,OpenMesh::ArrayKernel::FaceHandle,OpenMesh::ArrayKernel,{&OpenMesh::ArrayKernel::has_face_status,0},{&OpenMesh::ArrayKernel::[thunk]: __cdecl OpenMesh::ArrayKernel::`vcall'{32,{flat}}' }',0}>::handle': This function clutters your code. Use dereferencing operators -> and * instead.
D:\Mesh-Face-Clustering\OpenMesh_EX\Mesh\GUA_OM.cpp(937,19): warning C4996: 'OpenMesh::Iterators::GenericIteratorT<OpenMesh::PolyConnectivity::This,OpenMesh::ArrayKernel::FaceHandle,OpenMesh::ArrayKernel,{&OpenMesh::ArrayKernel::has_face_status,0},{&OpenMesh::ArrayKernel::[thunk]: __cdecl OpenMesh::ArrayKernel::`vcall'{32,{flat}}' }',0}>::handle': This function clutters your code. Use dereferencing operators -> and * instead.
D:\Mesh-Face-Clustering\OpenMesh_EX\Mesh\GUA_OM.cpp(976,38): warning C4996: 'OpenMesh::Iterators::GenericCirculatorT_DEPRECATED<OpenMesh::PolyConnectivity::This,OpenMesh::ArrayKernel::FaceHandle,OpenMesh::ArrayKernel::FaceHandle,{&OpenMesh::Iterators::GenericCirculatorBaseT<OpenMesh::PolyConnectivity::This>::toOppositeFaceHandle,0}>::operator bool': Do not use this error prone implicit cast. Compare to end-iterator or use is_valid(), instead.
D:\Mesh-Face-Clustering\OpenMesh_EX\Mesh\GUA_OM.cpp(978,22): warning C4996: 'OpenMesh::Iterators::GenericCirculatorT_DEPRECATED<OpenMesh::PolyConnectivity::This,OpenMesh::ArrayKernel::FaceHandle,OpenMesh::ArrayKernel::FaceHandle,{&OpenMesh::Iterators::GenericCirculatorBaseT<OpenMesh::PolyConnectivity::This>::toOppositeFaceHandle,0}>::handle': This function clutters your code. Use dereferencing operators -> and * instead.
D:\Mesh-Face-Clustering\OpenMesh_EX\Mesh\GUA_OM.cpp(1065,59): warning C4996: 'OpenMesh::Iterators::GenericCirculatorT_DEPRECATED<OpenMesh::PolyConnectivity::This,OpenMesh::ArrayKernel::FaceHandle,OpenMesh::ArrayKernel::FaceHandle,{&OpenMesh::Iterators::GenericCirculatorBaseT<OpenMesh::PolyConnectivity::This>::toOppositeFaceHandle,0}>::operator bool': Do not use this error prone implicit cast. Compare to end-iterator or use is_valid(), instead.
D:\Mesh-Face-Clustering\OpenMesh_EX\Mesh\GUA_OM.cpp(1068,32): warning C4996: 'OpenMesh::Iterators::GenericCirculatorT_DEPRECATED<OpenMesh::PolyConnectivity::This,OpenMesh::ArrayKernel::FaceHandle,OpenMesh::ArrayKernel::FaceHandle,{&OpenMesh::Iterators::GenericCirculatorBaseT<OpenMesh::PolyConnectivity::This>::toOppositeFaceHandle,0}>::handle': This function clutters your code. Use dereferencing operators -> and * instead.
D:\Mesh-Face-Clustering\OpenMesh_EX\Mesh\GUA_OM.cpp(1167,16): warning C4244: '=': 將 'clock_t' 轉換為 'float'，由於類型不同，可能導致資料遺失
D:\Mesh-Face-Clustering\OpenMesh_EX\Mesh\GUA_OM.cpp(1307,28): warning C4244: '=': 將 'Scalar' 轉換為 'float'，由於類型不同，可能導致資料遺失
          with
          [
              Scalar=double
          ]
D:\Mesh-Face-Clustering\OpenMesh_EX\Mesh\GUA_OM.cpp(1378,14): warning C4244: '=': 將 'clock_t' 轉換為 'float'，由於類型不同，可能導致資料遺失
D:\Mesh-Face-Clustering\OpenMesh_EX\Mesh\GUA_OM.cpp(1384,18): warning C4244: '=': 將 'int' 轉換為 'float'，由於類型不同，可能導致資料遺失
D:\Mesh-Face-Clustering\OpenMesh_EX\Mesh\GUA_OM.cpp(1463,18): warning C4996: 'OpenMesh::Iterators::GenericIteratorT<OpenMesh::PolyConnectivity::This,OpenMesh::ArrayKernel::VertexHandle,OpenMesh::ArrayKernel,{&OpenMesh::ArrayKernel::has_vertex_status,0},{&OpenMesh::ArrayKernel::[thunk]: __cdecl OpenMesh::ArrayKernel::`vcall'{8,{flat}}' }',0}>::handle': This function clutters your code. Use dereferencing operators -> and * instead.
D:\Mesh-Face-Clustering\OpenMesh_EX\Mesh\GUA_OM.cpp(1464,34): warning C4996: 'OpenMesh::Iterators::GenericIteratorT<OpenMesh::PolyConnectivity::This,OpenMesh::ArrayKernel::VertexHandle,OpenMesh::ArrayKernel,{&OpenMesh::ArrayKernel::has_vertex_status,0},{&OpenMesh::ArrayKernel::[thunk]: __cdecl OpenMesh::ArrayKernel::`vcall'{8,{flat}}' }',0}>::handle': This function clutters your code. Use dereferencing operators -> and * instead.
D:\Mesh-Face-Clustering\OpenMesh_EX\Mesh\GUA_OM.cpp(1469,34): warning C4996: 'OpenMesh::Iterators::GenericIteratorT<OpenMesh::PolyConnectivity::This,OpenMesh::ArrayKernel::FaceHandle,OpenMesh::ArrayKernel,{&OpenMesh::ArrayKernel::has_face_status,0},{&OpenMesh::ArrayKernel::[thunk]: __cdecl OpenMesh::ArrayKernel::`vcall'{32,{flat}}' }',0}>::handle': This function clutters your code. Use dereferencing operators -> and * instead.
D:\Mesh-Face-Clustering\OpenMesh_EX\Mesh\GUA_OM.cpp(1471,32): warning C4996: 'OpenMesh::Iterators::GenericIteratorT<OpenMesh::PolyConnectivity::This,OpenMesh::ArrayKernel::FaceHandle,OpenMesh::ArrayKernel,{&OpenMesh::ArrayKernel::has_face_status,0},{&OpenMesh::ArrayKernel::[thunk]: __cdecl OpenMesh::ArrayKernel::`vcall'{32,{flat}}' }',0}>::operator OpenMesh::FaceHandle': Implicit casts of iterators are unsafe. Use dereferencing operators -> and * instead.
D:\Mesh-Face-Clustering\OpenMesh_EX\Mesh\GUA_OM.cpp(1472,30): warning C4996: 'OpenMesh::Iterators::GenericCirculatorT_DEPRECATED<OpenMesh::PolyConnectivity::This,OpenMesh::ArrayKernel::FaceHandle,OpenMesh::ArrayKernel::VertexHandle,{&OpenMesh::Iterators::GenericCirculatorBaseT<OpenMesh::PolyConnectivity::This>::toVertexHandle,0}>::handle': This function clutters your code. Use dereferencing operators -> and * instead.
D:\Mesh-Face-Clustering\OpenMesh_EX\Mesh\GUA_OM.cpp(1473,24): warning C4996: 'OpenMesh::Iterators::GenericCirculatorT_DEPRECATED<OpenMesh::PolyConnectivity::This,OpenMesh::ArrayKernel::FaceHandle,OpenMesh::ArrayKernel::VertexHandle,{&OpenMesh::Iterators::GenericCirculatorBaseT<OpenMesh::PolyConnectivity::This>::toVertexHandle,0}>::handle': This function clutters your code. Use dereferencing operators -> and * instead.
D:\Mesh-Face-Clustering\OpenMesh_EX\Mesh\GUA_OM.cpp(1529,24): warning C4996: 'OpenMesh::Iterators::GenericIteratorT<OpenMesh::PolyConnectivity::This,OpenMesh::ArrayKernel::VertexHandle,OpenMesh::ArrayKernel,{&OpenMesh::ArrayKernel::has_vertex_status,0},{&OpenMesh::ArrayKernel::[thunk]: __cdecl OpenMesh::ArrayKernel::`vcall'{8,{flat}}' }',0}>::handle': This function clutters your code. Use dereferencing operators -> and * instead.
D:\Mesh-Face-Clustering\OpenMesh_EX\Mesh\GUA_OM.cpp(1545,38): warning C4996: 'OpenMesh::Iterators::GenericIteratorT<OpenMesh::PolyConnectivity::This,OpenMesh::ArrayKernel::FaceHandle,OpenMesh::ArrayKernel,{&OpenMesh::ArrayKernel::has_face_status,0},{&OpenMesh::ArrayKernel::[thunk]: __cdecl OpenMesh::ArrayKernel::`vcall'{32,{flat}}' }',0}>::operator OpenMesh::FaceHandle': Implicit casts of iterators are unsafe. Use dereferencing operators -> and * instead.
D:\Mesh-Face-Clustering\OpenMesh_EX\Mesh\GUA_OM.cpp(1547,25): warning C4996: 'OpenMesh::Iterators::GenericCirculatorT_DEPRECATED<OpenMesh::PolyConnectivity::This,OpenMesh::ArrayKernel::FaceHandle,OpenMesh::ArrayKernel::VertexHandle,{&OpenMesh::Iterators::GenericCirculatorBaseT<OpenMesh::PolyConnectivity::This>::toVertexHandle,0}>::handle': This function clutters your code. Use dereferencing operators -> and * instead.
D:\Mesh-Face-Clustering\OpenMesh_EX\Mesh\GUA_OM.cpp(1548,24): warning C4996: 'OpenMesh::Iterators::GenericCirculatorT_DEPRECATED<OpenMesh::PolyConnectivity::This,OpenMesh::ArrayKernel::FaceHandle,OpenMesh::ArrayKernel::VertexHandle,{&OpenMesh::Iterators::GenericCirculatorBaseT<OpenMesh::PolyConnectivity::This>::toVertexHandle,0}>::handle': This function clutters your code. Use dereferencing operators -> and * instead.
D:\Mesh-Face-Clustering\OpenMesh_EX\Mesh\GUA_OM.cpp(1596,24): warning C4996: 'OpenMesh::Iterators::GenericIteratorT<OpenMesh::PolyConnectivity::This,OpenMesh::ArrayKernel::VertexHandle,OpenMesh::ArrayKernel,{&OpenMesh::ArrayKernel::has_vertex_status,0},{&OpenMesh::ArrayKernel::[thunk]: __cdecl OpenMesh::ArrayKernel::`vcall'{8,{flat}}' }',0}>::handle': This function clutters your code. Use dereferencing operators -> and * instead.
D:\Mesh-Face-Clustering\OpenMesh_EX\Mesh\GUA_OM.cpp(1612,38): warning C4996: 'OpenMesh::Iterators::GenericIteratorT<OpenMesh::PolyConnectivity::This,OpenMesh::ArrayKernel::FaceHandle,OpenMesh::ArrayKernel,{&OpenMesh::ArrayKernel::has_face_status,0},{&OpenMesh::ArrayKernel::[thunk]: __cdecl OpenMesh::ArrayKernel::`vcall'{32,{flat}}' }',0}>::operator OpenMesh::FaceHandle': Implicit casts of iterators are unsafe. Use dereferencing operators -> and * instead.
D:\Mesh-Face-Clustering\OpenMesh_EX\Mesh\GUA_OM.cpp(1614,25): warning C4996: 'OpenMesh::Iterators::GenericCirculatorT_DEPRECATED<OpenMesh::PolyConnectivity::This,OpenMesh::ArrayKernel::FaceHandle,OpenMesh::ArrayKernel::VertexHandle,{&OpenMesh::Iterators::GenericCirculatorBaseT<OpenMesh::PolyConnectivity::This>::toVertexHandle,0}>::handle': This function clutters your code. Use dereferencing operators -> and * instead.
D:\Mesh-Face-Clustering\OpenMesh_EX\Mesh\GUA_OM.cpp(1615,24): warning C4996: 'OpenMesh::Iterators::GenericCirculatorT_DEPRECATED<OpenMesh::PolyConnectivity::This,OpenMesh::ArrayKernel::FaceHandle,OpenMesh::ArrayKernel::VertexHandle,{&OpenMesh::Iterators::GenericCirculatorBaseT<OpenMesh::PolyConnectivity::This>::toVertexHandle,0}>::handle': This function clutters your code. Use dereferencing operators -> and * instead.
D:\Mesh-Face-Clustering\OpenMesh_EX\Mesh\GUA_OM.cpp(1698,2): warning C4996: 'strcpy': This function or variable may be unsafe. Consider using strcpy_s instead. To disable deprecation, use _CRT_SECURE_NO_WARNINGS. See online help for details.
D:\Mesh-Face-Clustering\OpenMesh_EX\Mesh\GUA_OM.cpp(1737,52): warning C4267: '=': 將 'size_t' 轉換為 'int'，資料可能遺失
D:\Mesh-Face-Clustering\OpenMesh_EX\Mesh\GUA_OM.cpp(1798,55): warning C4267: '=': 將 'size_t' 轉換為 'int'，資料可能遺失
D:\Mesh-Face-Clustering\OpenMesh_EX\Mesh\GUA_OM.cpp(1709,23): warning C4996: 'OpenMesh::Iterators::GenericIteratorT<OpenMesh::PolyConnectivity::This,OpenMesh::ArrayKernel::VertexHandle,OpenMesh::ArrayKernel,{&OpenMesh::ArrayKernel::has_vertex_status,0},{&OpenMesh::ArrayKernel::[thunk]: __cdecl OpenMesh::ArrayKernel::`vcall'{8,{flat}}' }',0}>::handle': This function clutters your code. Use dereferencing operators -> and * instead.
D:\Mesh-Face-Clustering\OpenMesh_EX\Mesh\GUA_OM.cpp(1711,23): warning C4996: 'OpenMesh::Iterators::GenericIteratorT<OpenMesh::PolyConnectivity::This,OpenMesh::ArrayKernel::FaceHandle,OpenMesh::ArrayKernel,{&OpenMesh::ArrayKernel::has_face_status,0},{&OpenMesh::ArrayKernel::[thunk]: __cdecl OpenMesh::ArrayKernel::`vcall'{32,{flat}}' }',0}>::handle': This function clutters your code. Use dereferencing operators -> and * instead.
D:\Mesh-Face-Clustering\OpenMesh_EX\Mesh\GUA_OM.cpp(1726,36): warning C4996: 'OpenMesh::Iterators::GenericCirculatorT_DEPRECATED<OpenMesh::PolyConnectivity::This,OpenMesh::ArrayKernel::FaceHandle,OpenMesh::ArrayKernel::VertexHandle,{&OpenMesh::Iterators::GenericCirculatorBaseT<OpenMesh::PolyConnectivity::This>::toVertexHandle,0}>::operator bool': Do not use this error prone implicit cast. Compare to end-iterator or use is_valid(), instead.
D:\Mesh-Face-Clustering\OpenMesh_EX\Mesh\GUA_OM.cpp(1728,19): warning C4996: 'OpenMesh::Iterators::GenericCirculatorT_DEPRECATED<OpenMesh::PolyConnectivity::This,OpenMesh::ArrayKernel::FaceHandle,OpenMesh::ArrayKernel::VertexHandle,{&OpenMesh::Iterators::GenericCirculatorBaseT<OpenMesh::PolyConnectivity::This>::toVertexHandle,0}>::handle': This function clutters your code. Use dereferencing operators -> and * instead.
D:\Mesh-Face-Clustering\OpenMesh_EX\Mesh\GUA_OM.cpp(1730,23): warning C4996: 'OpenMesh::Iterators::GenericCirculatorT_DEPRECATED<OpenMesh::PolyConnectivity::This,OpenMesh::ArrayKernel::FaceHandle,OpenMesh::ArrayKernel::VertexHandle,{&OpenMesh::Iterators::GenericCirculatorBaseT<OpenMesh::PolyConnectivity::This>::toVertexHandle,0}>::handle': This function clutters your code. Use dereferencing operators -> and * instead.
D:\Mesh-Face-Clustering\OpenMesh_EX\Mesh\GUA_OM.cpp(1732,25): warning C4996: 'OpenMesh::Iterators::GenericCirculatorT_DEPRECATED<OpenMesh::PolyConnectivity::This,OpenMesh::ArrayKernel::FaceHandle,OpenMesh::ArrayKernel::VertexHandle,{&OpenMesh::Iterators::GenericCirculatorBaseT<OpenMesh::PolyConnectivity::This>::toVertexHandle,0}>::handle': This function clutters your code. Use dereferencing operators -> and * instead.
D:\Mesh-Face-Clustering\OpenMesh_EX\Mesh\GUA_OM.cpp(1737,17): warning C4996: 'OpenMesh::Iterators::GenericCirculatorT_DEPRECATED<OpenMesh::PolyConnectivity::This,OpenMesh::ArrayKernel::FaceHandle,OpenMesh::ArrayKernel::VertexHandle,{&OpenMesh::Iterators::GenericCirculatorBaseT<OpenMesh::PolyConnectivity::This>::toVertexHandle,0}>::handle': This function clutters your code. Use dereferencing operators -> and * instead.
D:\Mesh-Face-Clustering\OpenMesh_EX\Mesh\GUA_OM.cpp(1740,39): warning C4996: 'OpenMesh::Iterators::GenericCirculatorT_DEPRECATED<OpenMesh::PolyConnectivity::This,OpenMesh::ArrayKernel::FaceHandle,OpenMesh::ArrayKernel::VertexHandle,{&OpenMesh::Iterators::GenericCirculatorBaseT<OpenMesh::PolyConnectivity::This>::toVertexHandle,0}>::handle': This function clutters your code. Use dereferencing operators -> and * instead.
D:\Mesh-Face-Clustering\OpenMesh_EX\Mesh\GUA_OM.cpp(1757,39): warning C4996: 'OpenMesh::Iterators::GenericIteratorT<OpenMesh::PolyConnectivity::This,OpenMesh::ArrayKernel::FaceHandle,OpenMesh::ArrayKernel,{&OpenMesh::ArrayKernel::has_face_status,0},{&OpenMesh::ArrayKernel::[thunk]: __cdecl OpenMesh::ArrayKernel::`vcall'{32,{flat}}' }',0}>::operator OpenMesh::FaceHandle': Implicit casts of iterators are unsafe. Use dereferencing operators -> and * instead.
D:\Mesh-Face-Clustering\OpenMesh_EX\Mesh\GUA_OM.cpp(1759,30): warning C4996: 'OpenMesh::Iterators::GenericCirculatorT_DEPRECATED<OpenMesh::PolyConnectivity::This,OpenMesh::ArrayKernel::FaceHandle,OpenMesh::ArrayKernel::VertexHandle,{&OpenMesh::Iterators::GenericCirculatorBaseT<OpenMesh::PolyConnectivity::This>::toVertexHandle,0}>::operator OpenMesh::VertexHandle': Implicit casts of iterators are unsafe. Use dereferencing operators -> and * instead.
D:\Mesh-Face-Clustering\OpenMesh_EX\Mesh\GUA_OM.cpp(1761,32): warning C4996: 'OpenMesh::Iterators::GenericCirculatorT_DEPRECATED<OpenMesh::PolyConnectivity::This,OpenMesh::ArrayKernel::FaceHandle,OpenMesh::ArrayKernel::VertexHandle,{&OpenMesh::Iterators::GenericCirculatorBaseT<OpenMesh::PolyConnectivity::This>::toVertexHandle,0}>::operator OpenMesh::VertexHandle': Implicit casts of iterators are unsafe. Use dereferencing operators -> and * instead.
D:\Mesh-Face-Clustering\OpenMesh_EX\Mesh\GUA_OM.cpp(1787,38): warning C4996: 'OpenMesh::Iterators::GenericIteratorT<OpenMesh::PolyConnectivity::This,OpenMesh::ArrayKernel::FaceHandle,OpenMesh::ArrayKernel,{&OpenMesh::ArrayKernel::has_face_status,0},{&OpenMesh::ArrayKernel::[thunk]: __cdecl OpenMesh::ArrayKernel::`vcall'{32,{flat}}' }',0}>::operator OpenMesh::FaceHandle': Implicit casts of iterators are unsafe. Use dereferencing operators -> and * instead.
D:\Mesh-Face-Clustering\OpenMesh_EX\Mesh\GUA_OM.cpp(1789,30): warning C4996: 'OpenMesh::Iterators::GenericCirculatorT_DEPRECATED<OpenMesh::PolyConnectivity::This,OpenMesh::ArrayKernel::FaceHandle,OpenMesh::ArrayKernel::VertexHandle,{&OpenMesh::Iterators::GenericCirculatorBaseT<OpenMesh::PolyConnectivity::This>::toVertexHandle,0}>::operator OpenMesh::VertexHandle': Implicit casts of iterators are unsafe. Use dereferencing operators -> and * instead.
D:\Mesh-Face-Clustering\OpenMesh_EX\Mesh\GUA_OM.cpp(1793,39): warning C4996: 'OpenMesh::Iterators::GenericIteratorT<OpenMesh::PolyConnectivity::This,OpenMesh::ArrayKernel::FaceHandle,OpenMesh::ArrayKernel,{&OpenMesh::ArrayKernel::has_face_status,0},{&OpenMesh::ArrayKernel::[thunk]: __cdecl OpenMesh::ArrayKernel::`vcall'{32,{flat}}' }',0}>::operator OpenMesh::FaceHandle': Implicit casts of iterators are unsafe. Use dereferencing operators -> and * instead.
D:\Mesh-Face-Clustering\OpenMesh_EX\Mesh\GUA_OM.cpp(1795,31): warning C4996: 'OpenMesh::Iterators::GenericCirculatorT_DEPRECATED<OpenMesh::PolyConnectivity::This,OpenMesh::ArrayKernel::FaceHandle,OpenMesh::ArrayKernel::VertexHandle,{&OpenMesh::Iterators::GenericCirculatorBaseT<OpenMesh::PolyConnectivity::This>::toVertexHandle,0}>::operator OpenMesh::VertexHandle': Implicit casts of iterators are unsafe. Use dereferencing operators -> and * instead.
D:\Mesh-Face-Clustering\OpenMesh_EX\Mesh\GUA_OM.cpp(1796,28): warning C4996: 'OpenMesh::Iterators::GenericCirculatorT_DEPRECATED<OpenMesh::PolyConnectivity::This,OpenMesh::ArrayKernel::FaceHandle,OpenMesh::ArrayKernel::VertexHandle,{&OpenMesh::Iterators::GenericCirculatorBaseT<OpenMesh::PolyConnectivity::This>::toVertexHandle,0}>::handle': This function clutters your code. Use dereferencing operators -> and * instead.
D:\Mesh-Face-Clustering\OpenMesh_EX\Mesh\GUA_OM.cpp(1797,60): warning C4996: 'OpenMesh::Iterators::GenericCirculatorT_DEPRECATED<OpenMesh::PolyConnectivity::This,OpenMesh::ArrayKernel::FaceHandle,OpenMesh::ArrayKernel::VertexHandle,{&OpenMesh::Iterators::GenericCirculatorBaseT<OpenMesh::PolyConnectivity::This>::toVertexHandle,0}>::handle': This function clutters your code. Use dereferencing operators -> and * instead.
D:\Mesh-Face-Clustering\OpenMesh_EX\Mesh\GUA_OM.cpp(1798,20): warning C4996: 'OpenMesh::Iterators::GenericCirculatorT_DEPRECATED<OpenMesh::PolyConnectivity::This,OpenMesh::ArrayKernel::FaceHandle,OpenMesh::ArrayKernel::VertexHandle,{&OpenMesh::Iterators::GenericCirculatorBaseT<OpenMesh::PolyConnectivity::This>::toVertexHandle,0}>::handle': This function clutters your code. Use dereferencing operators -> and * instead.
D:\Mesh-Face-Clustering\OpenMesh_EX\Mesh\GUA_OM.cpp(1801,46): warning C4996: 'OpenMesh::Iterators::GenericCirculatorT_DEPRECATED<OpenMesh::PolyConnectivity::This,OpenMesh::ArrayKernel::FaceHandle,OpenMesh::ArrayKernel::VertexHandle,{&OpenMesh::Iterators::GenericCirculatorBaseT<OpenMesh::PolyConnectivity::This>::toVertexHandle,0}>::handle': This function clutters your code. Use dereferencing operators -> and * instead.
D:\Mesh-Face-Clustering\OpenMesh_EX\Mesh\GUA_OM.cpp(1809,40): warning C4996: 'OpenMesh::Iterators::GenericIteratorT<OpenMesh::PolyConnectivity::This,OpenMesh::ArrayKernel::FaceHandle,OpenMesh::ArrayKernel,{&OpenMesh::ArrayKernel::has_face_status,0},{&OpenMesh::ArrayKernel::[thunk]: __cdecl OpenMesh::ArrayKernel::`vcall'{32,{flat}}' }',0}>::operator OpenMesh::FaceHandle': Implicit casts of iterators are unsafe. Use dereferencing operators -> and * instead.
D:\Mesh-Face-Clustering\OpenMesh_EX\Mesh\GUA_OM.cpp(1811,32): warning C4996: 'OpenMesh::Iterators::GenericCirculatorT_DEPRECATED<OpenMesh::PolyConnectivity::This,OpenMesh::ArrayKernel::FaceHandle,OpenMesh::ArrayKernel::VertexHandle,{&OpenMesh::Iterators::GenericCirculatorBaseT<OpenMesh::PolyConnectivity::This>::toVertexHandle,0}>::operator OpenMesh::VertexHandle': Implicit casts of iterators are unsafe. Use dereferencing operators -> and * instead.
D:\Mesh-Face-Clustering\OpenMesh_EX\Mesh\GUA_OM.cpp(1813,60): warning C4996: 'OpenMesh::Iterators::GenericCirculatorT_DEPRECATED<OpenMesh::PolyConnectivity::This,OpenMesh::ArrayKernel::FaceHandle,OpenMesh::ArrayKernel::VertexHandle,{&OpenMesh::Iterators::GenericCirculatorBaseT<OpenMesh::PolyConnectivity::This>::toVertexHandle,0}>::handle': This function clutters your code. Use dereferencing operators -> and * instead.
D:\Mesh-Face-Clustering\OpenMesh_EX\Mesh\GUA_OM.cpp(1836,29): warning C4996: 'OpenMesh::Iterators::GenericIteratorT<OpenMesh::PolyConnectivity::This,OpenMesh::ArrayKernel::VertexHandle,OpenMesh::ArrayKernel,{&OpenMesh::ArrayKernel::has_vertex_status,0},{&OpenMesh::ArrayKernel::[thunk]: __cdecl OpenMesh::ArrayKernel::`vcall'{8,{flat}}' }',0}>::operator OpenMesh::VertexHandle': Implicit casts of iterators are unsafe. Use dereferencing operators -> and * instead.
D:\Mesh-Face-Clustering\OpenMesh_EX\Mesh\GUA_OM.cpp(1838,23): warning C4996: 'OpenMesh::Iterators::GenericIteratorT<OpenMesh::PolyConnectivity::This,OpenMesh::ArrayKernel::VertexHandle,OpenMesh::ArrayKernel,{&OpenMesh::ArrayKernel::has_vertex_status,0},{&OpenMesh::ArrayKernel::[thunk]: __cdecl OpenMesh::ArrayKernel::`vcall'{8,{flat}}' }',0}>::handle': This function clutters your code. Use dereferencing operators -> and * instead.
D:\Mesh-Face-Clustering\OpenMesh_EX\Mesh\GUA_OM.cpp(1839,23): warning C4996: 'OpenMesh::Iterators::GenericIteratorT<OpenMesh::PolyConnectivity::This,OpenMesh::ArrayKernel::VertexHandle,OpenMesh::ArrayKernel,{&OpenMesh::ArrayKernel::has_vertex_status,0},{&OpenMesh::ArrayKernel::[thunk]: __cdecl OpenMesh::ArrayKernel::`vcall'{8,{flat}}' }',0}>::handle': This function clutters your code. Use dereferencing operators -> and * instead.
D:\Mesh-Face-Clustering\OpenMesh_EX\Mesh\GUA_OM.cpp(1840,40): warning C4996: 'OpenMesh::Iterators::GenericIteratorT<OpenMesh::PolyConnectivity::This,OpenMesh::ArrayKernel::VertexHandle,OpenMesh::ArrayKernel,{&OpenMesh::ArrayKernel::has_vertex_status,0},{&OpenMesh::ArrayKernel::[thunk]: __cdecl OpenMesh::ArrayKernel::`vcall'{8,{flat}}' }',0}>::operator OpenMesh::VertexHandle': Implicit casts of iterators are unsafe. Use dereferencing operators -> and * instead.
D:\Mesh-Face-Clustering\OpenMesh_EX\Mesh\GUA_OM.cpp(1842,31): warning C4996: 'OpenMesh::Iterators::GenericCirculatorT_DEPRECATED<OpenMesh::PolyConnectivity::This,OpenMesh::ArrayKernel::VertexHandle,OpenMesh::ArrayKernel::VertexHandle,{&OpenMesh::Iterators::GenericCirculatorBaseT<OpenMesh::PolyConnectivity::This>::toVertexHandle,0}>::operator OpenMesh::VertexHandle': Implicit casts of iterators are unsafe. Use dereferencing operators -> and * instead.
D:\Mesh-Face-Clustering\OpenMesh_EX\Mesh\GUA_OM.cpp(1844,25): warning C4996: 'OpenMesh::Iterators::GenericIteratorT<OpenMesh::PolyConnectivity::This,OpenMesh::ArrayKernel::VertexHandle,OpenMesh::ArrayKernel,{&OpenMesh::ArrayKernel::has_vertex_status,0},{&OpenMesh::ArrayKernel::[thunk]: __cdecl OpenMesh::ArrayKernel::`vcall'{8,{flat}}' }',0}>::handle': This function clutters your code. Use dereferencing operators -> and * instead.
D:\Mesh-Face-Clustering\OpenMesh_EX\Mesh\GUA_OM.cpp(1894,17): warning C4244: '正在初始化': 將 'Scalar' 轉換為 'float'，由於類型不同，可能導致資料遺失
          with
          [
              Scalar=double
          ]
D:\Mesh-Face-Clustering\OpenMesh_EX\Mesh\GUA_OM.cpp(1880,14): warning C4996: 'OpenMesh::Iterators::GenericIteratorT<OpenMesh::PolyConnectivity::This,OpenMesh::ArrayKernel::FaceHandle,OpenMesh::ArrayKernel,{&OpenMesh::ArrayKernel::has_face_status,0},{&OpenMesh::ArrayKernel::[thunk]: __cdecl OpenMesh::ArrayKernel::`vcall'{32,{flat}}' }',0}>::handle': This function clutters your code. Use dereferencing operators -> and * instead.
D:\Mesh-Face-Clustering\OpenMesh_EX\Mesh\GUA_OM.cpp(1883,26): warning C4996: 'OpenMesh::Iterators::GenericIteratorT<OpenMesh::PolyConnectivity::This,OpenMesh::ArrayKernel::FaceHandle,OpenMesh::ArrayKernel,{&OpenMesh::ArrayKernel::has_face_status,0},{&OpenMesh::ArrayKernel::[thunk]: __cdecl OpenMesh::ArrayKernel::`vcall'{32,{flat}}' }',0}>::operator OpenMesh::FaceHandle': Implicit casts of iterators are unsafe. Use dereferencing operators -> and * instead.
D:\Mesh-Face-Clustering\OpenMesh_EX\Mesh\GUA_OM.cpp(1885,23): warning C4996: 'OpenMesh::Iterators::GenericCirculatorT_DEPRECATED<OpenMesh::PolyConnectivity::This,OpenMesh::ArrayKernel::FaceHandle,OpenMesh::ArrayKernel::VertexHandle,{&OpenMesh::Iterators::GenericCirculatorBaseT<OpenMesh::PolyConnectivity::This>::toVertexHandle,0}>::handle': This function clutters your code. Use dereferencing operators -> and * instead.
D:\Mesh-Face-Clustering\OpenMesh_EX\Mesh\GUA_OM.cpp(1886,26): warning C4996: 'OpenMesh::Iterators::GenericCirculatorT_DEPRECATED<OpenMesh::PolyConnectivity::This,OpenMesh::ArrayKernel::FaceHandle,OpenMesh::ArrayKernel::VertexHandle,{&OpenMesh::Iterators::GenericCirculatorBaseT<OpenMesh::PolyConnectivity::This>::toVertexHandle,0}>::handle': This function clutters your code. Use dereferencing operators -> and * instead.
D:\Mesh-Face-Clustering\OpenMesh_EX\Mesh\GUA_OM.cpp(1902,33): warning C4996: 'OpenMesh::Iterators::GenericIteratorT<OpenMesh::PolyConnectivity::This,OpenMesh::ArrayKernel::FaceHandle,OpenMesh::ArrayKernel,{&OpenMesh::ArrayKernel::has_face_status,0},{&OpenMesh::ArrayKernel::[thunk]: __cdecl OpenMesh::ArrayKernel::`vcall'{32,{flat}}' }',0}>::operator OpenMesh::FaceHandle': Implicit casts of iterators are unsafe. Use dereferencing operators -> and * instead.
D:\Mesh-Face-Clustering\OpenMesh_EX\Mesh\GUA_OM.cpp(1903,17): warning C4996: 'OpenMesh::Iterators::GenericCirculatorT_DEPRECATED<OpenMesh::PolyConnectivity::This,OpenMesh::ArrayKernel::FaceHandle,OpenMesh::ArrayKernel::FaceHandle,{&OpenMesh::Iterators::GenericCirculatorBaseT<OpenMesh::PolyConnectivity::This>::toOppositeFaceHandle,0}>::handle': This function clutters your code. Use dereferencing operators -> and * instead.
D:\Mesh-Face-Clustering\OpenMesh_EX\Mesh\GUA_OM.cpp(1906,28): warning C4996: 'OpenMesh::Iterators::GenericIteratorT<OpenMesh::PolyConnectivity::This,OpenMesh::ArrayKernel::FaceHandle,OpenMesh::ArrayKernel,{&OpenMesh::ArrayKernel::has_face_status,0},{&OpenMesh::ArrayKernel::[thunk]: __cdecl OpenMesh::ArrayKernel::`vcall'{32,{flat}}' }',0}>::operator OpenMesh::FaceHandle': Implicit casts of iterators are unsafe. Use dereferencing operators -> and * instead.
D:\Mesh-Face-Clustering\OpenMesh_EX\Mesh\GUA_OM.cpp(1907,29): warning C4996: 'OpenMesh::Iterators::GenericCirculatorT_DEPRECATED<OpenMesh::PolyConnectivity::This,OpenMesh::ArrayKernel::FaceHandle,OpenMesh::ArrayKernel::FaceHandle,{&OpenMesh::Iterators::GenericCirculatorBaseT<OpenMesh::PolyConnectivity::This>::toOppositeFaceHandle,0}>::operator OpenMesh::FaceHandle': Implicit casts of iterators are unsafe. Use dereferencing operators -> and * instead.
D:\Mesh-Face-Clustering\OpenMesh_EX\Mesh\GUA_OM.cpp(1908,18): warning C4996: 'OpenMesh::Iterators::GenericCirculatorT_DEPRECATED<OpenMesh::PolyConnectivity::This,OpenMesh::ArrayKernel::FaceHandle,OpenMesh::ArrayKernel::VertexHandle,{&OpenMesh::Iterators::GenericCirculatorBaseT<OpenMesh::PolyConnectivity::This>::toVertexHandle,0}>::handle': This function clutters your code. Use dereferencing operators -> and * instead.
D:\Mesh-Face-Clustering\OpenMesh_EX\Mesh\GUA_OM.cpp(1909,23): warning C4996: 'OpenMesh::Iterators::GenericCirculatorT_DEPRECATED<OpenMesh::PolyConnectivity::This,OpenMesh::ArrayKernel::FaceHandle,OpenMesh::ArrayKernel::VertexHandle,{&OpenMesh::Iterators::GenericCirculatorBaseT<OpenMesh::PolyConnectivity::This>::toVertexHandle,0}>::handle': This function clutters your code. Use dereferencing operators -> and * instead.
D:\Mesh-Face-Clustering\OpenMesh_EX\Mesh\GUA_OM.cpp(1915,43): warning C4996: 'OpenMesh::Iterators::GenericIteratorT<OpenMesh::PolyConnectivity::This,OpenMesh::ArrayKernel::FaceHandle,OpenMesh::ArrayKernel,{&OpenMesh::ArrayKernel::has_face_status,0},{&OpenMesh::ArrayKernel::[thunk]: __cdecl OpenMesh::ArrayKernel::`vcall'{32,{flat}}' }',0}>::handle': This function clutters your code. Use dereferencing operators -> and * instead.
D:\Mesh-Face-Clustering\OpenMesh_EX\Mesh\GUA_OM.cpp(1919,36): warning C4996: 'OpenMesh::Iterators::GenericIteratorT<OpenMesh::PolyConnectivity::This,OpenMesh::ArrayKernel::FaceHandle,OpenMesh::ArrayKernel,{&OpenMesh::ArrayKernel::has_face_status,0},{&OpenMesh::ArrayKernel::[thunk]: __cdecl OpenMesh::ArrayKernel::`vcall'{32,{flat}}' }',0}>::handle': This function clutters your code. Use dereferencing operators -> and * instead.
  MyForm.cpp
D:\Mesh-Face-Clustering\OpenMesh_EX\Mesh\Clustering.h(28,59): warning C4244: '引數': 將 'double' 轉換為 'float'，由於類型不同，可能導致資料遺失
D:\Mesh-Face-Clustering\OpenMesh_EX\Mesh\Clustering.h(36,9): warning C4101: 'j': 未參考的區域變數
D:\Mesh-Face-Clustering\OpenMesh_EX\Mesh\Clustering.h(122,27): warning C4267: '=': 將 'size_t' 轉換為 'int'，資料可能遺失
D:\Mesh-Face-Clustering\OpenMesh_EX\MyForm.h(61,40): error C2653: 'HKOGLPanel': 不是類別或命名空間名稱
D:\Mesh-Face-Clustering\OpenMesh_EX\MyForm.h(61,40): error C2143: 語法錯誤: 遺漏 ';' (在 '^' 之前)
D:\Mesh-Face-Clustering\OpenMesh_EX\MyForm.h(61,40): error C4430: 遺漏類型規範 - 假設為 int。注意: C++ 不支援 default-int
D:\Mesh-Face-Clustering\OpenMesh_EX\MyForm.h(61,61): error C2238: 在 ';' 之前有未預期的語彙基元
D:\Mesh-Face-Clustering\OpenMesh_EX\MyForm.h(116,1): error C2653: 'HKOGLPanel': 不是類別或命名空間名稱
D:\Mesh-Face-Clustering\OpenMesh_EX\MyForm.h(116,16): error C2065: 'HKCOGLPanelCameraSetting': 未宣告的識別項
D:\Mesh-Face-Clustering\OpenMesh_EX\MyForm.h(116,42): error C2065: 'hkcoglPanelCameraSetting1': 未宣告的識別項
D:\Mesh-Face-Clustering\OpenMesh_EX\MyForm.h(116,1): error C2061: 語法錯誤: 識別項 'HKCOGLPanelCameraSetting'
D:\Mesh-Face-Clustering\OpenMesh_EX\MyForm.h(117,1): error C2653: 'HKOGLPanel': 不是類別或命名空間名稱
D:\Mesh-Face-Clustering\OpenMesh_EX\MyForm.h(117,16): error C2065: 'HKCOGLPanelPixelFormat': 未宣告的識別項
D:\Mesh-Face-Clustering\OpenMesh_EX\MyForm.h(117,40): error C2065: 'hkcoglPanelPixelFormat1': 未宣告的識別項
D:\Mesh-Face-Clustering\OpenMesh_EX\MyForm.h(117,1): error C2061: 語法錯誤: 識別項 'HKCOGLPanelPixelFormat'
D:\Mesh-Face-Clustering\OpenMesh_EX\MyForm.h(136,1): error C2039: 'hkoglPanelControl1': 並非 'OpenMesh_EX::MyForm' 的成員
D:\Mesh-Face-Clustering\OpenMesh_EX\MyForm.h(31): message : 請參閱 'OpenMesh_EX::MyForm' 的宣告
D:\Mesh-Face-Clustering\OpenMesh_EX\MyForm.h(136,1): error C2653: 'HKOGLPanel': 不是類別或命名空間名稱
D:\Mesh-Face-Clustering\OpenMesh_EX\MyForm.h(136,1): error C2061: 語法錯誤: 識別項 'HKOGLPanelControl'
D:\Mesh-Face-Clustering\OpenMesh_EX\MyForm.h(297,4): error C2065: 'hkcoglPanelCameraSetting1': 未宣告的識別項
D:\Mesh-Face-Clustering\OpenMesh_EX\MyForm.h(298,4): error C2065: 'hkcoglPanelCameraSetting1': 未宣告的識別項
D:\Mesh-Face-Clustering\OpenMesh_EX\MyForm.h(299,4): error C2065: 'hkcoglPanelCameraSetting1': 未宣告的識別項
D:\Mesh-Face-Clustering\OpenMesh_EX\MyForm.h(300,4): error C2065: 'hkcoglPanelCameraSetting1': 未宣告的識別項
D:\Mesh-Face-Clustering\OpenMesh_EX\MyForm.h(300,1): error C2653: 'HKOGLPanel': 不是類別或命名空間名稱
D:\Mesh-Face-Clustering\OpenMesh_EX\MyForm.h(300,88): error C2065: 'ORTHOGRAPHIC': 未宣告的識別項
D:\Mesh-Face-Clustering\OpenMesh_EX\MyForm.h(301,1): error C2039: 'hkoglPanelControl1': 並非 'OpenMesh_EX::MyForm' 的成員
D:\Mesh-Face-Clustering\OpenMesh_EX\MyForm.h(31): message : 請參閱 'OpenMesh_EX::MyForm' 的宣告
D:\Mesh-Face-Clustering\OpenMesh_EX\MyForm.h(301,47): error C2065: 'hkcoglPanelCameraSetting1': 未宣告的識別項
D:\Mesh-Face-Clustering\OpenMesh_EX\MyForm.h(302,1): error C2039: 'hkoglPanelControl1': 並非 'OpenMesh_EX::MyForm' 的成員
D:\Mesh-Face-Clustering\OpenMesh_EX\MyForm.h(31): message : 請參閱 'OpenMesh_EX::MyForm' 的宣告
D:\Mesh-Face-Clustering\OpenMesh_EX\MyForm.h(303,1): error C2039: 'hkoglPanelControl1': 並非 'OpenMesh_EX::MyForm' 的成員
D:\Mesh-Face-Clustering\OpenMesh_EX\MyForm.h(31): message : 請參閱 'OpenMesh_EX::MyForm' 的宣告
D:\Mesh-Face-Clustering\OpenMesh_EX\MyForm.h(304,1): error C2039: 'hkoglPanelControl1': 並非 'OpenMesh_EX::MyForm' 的成員
D:\Mesh-Face-Clustering\OpenMesh_EX\MyForm.h(31): message : 請參閱 'OpenMesh_EX::MyForm' 的宣告
D:\Mesh-Face-Clustering\OpenMesh_EX\MyForm.h(305,4): error C2065: 'hkcoglPanelPixelFormat1': 未宣告的識別項
D:\Mesh-Face-Clustering\OpenMesh_EX\MyForm.h(305,1): error C2653: 'HKOGLPanel': 不是類別或命名空間名稱
D:\Mesh-Face-Clustering\OpenMesh_EX\MyForm.h(305,97): error C2065: 'BITS_0': 未宣告的識別項
D:\Mesh-Face-Clustering\OpenMesh_EX\MyForm.h(306,4): error C2065: 'hkcoglPanelPixelFormat1': 未宣告的識別項
D:\Mesh-Face-Clustering\OpenMesh_EX\MyForm.h(306,1): error C2653: 'HKOGLPanel': 不是類別或命名空間名稱
D:\Mesh-Face-Clustering\OpenMesh_EX\MyForm.h(306,96): error C2065: 'BITS_0': 未宣告的識別項
D:\Mesh-Face-Clustering\OpenMesh_EX\MyForm.h(307,4): error C2065: 'hkcoglPanelPixelFormat1': 未宣告的識別項
D:\Mesh-Face-Clustering\OpenMesh_EX\MyForm.h(307,1): error C2653: 'HKOGLPanel': 不是類別或命名空間名稱
D:\Mesh-Face-Clustering\OpenMesh_EX\MyForm.h(307,98): error C2065: 'BITS_0': 未宣告的識別項
D:\Mesh-Face-Clustering\OpenMesh_EX\MyForm.h(308,1): error C2039: 'hkoglPanelControl1': 並非 'OpenMesh_EX::MyForm' 的成員
D:\Mesh-Face-Clustering\OpenMesh_EX\MyForm.h(31): message : 請參閱 'OpenMesh_EX::MyForm' 的宣告
D:\Mesh-Face-Clustering\OpenMesh_EX\MyForm.h(308,45): error C2065: 'hkcoglPanelPixelFormat1': 未宣告的識別項
D:\Mesh-Face-Clustering\OpenMesh_EX\MyForm.h(309,1): error C2039: 'hkoglPanelControl1': 並非 'OpenMesh_EX::MyForm' 的成員
D:\Mesh-Face-Clustering\OpenMesh_EX\MyForm.h(31): message : 請參閱 'OpenMesh_EX::MyForm' 的宣告
D:\Mesh-Face-Clustering\OpenMesh_EX\MyForm.h(310,1): error C2039: 'hkoglPanelControl1': 並非 'OpenMesh_EX::MyForm' 的成員
D:\Mesh-Face-Clustering\OpenMesh_EX\MyForm.h(31): message : 請參閱 'OpenMesh_EX::MyForm' 的宣告
D:\Mesh-Face-Clustering\OpenMesh_EX\MyForm.h(311,1): error C2039: 'hkoglPanelControl1': 並非 'OpenMesh_EX::MyForm' 的成員
D:\Mesh-Face-Clustering\OpenMesh_EX\MyForm.h(31): message : 請參閱 'OpenMesh_EX::MyForm' 的宣告
D:\Mesh-Face-Clustering\OpenMesh_EX\MyForm.h(312,1): error C2039: 'hkoglPanelControl1': 並非 'OpenMesh_EX::MyForm' 的成員
D:\Mesh-Face-Clustering\OpenMesh_EX\MyForm.h(31): message : 請參閱 'OpenMesh_EX::MyForm' 的宣告
D:\Mesh-Face-Clustering\OpenMesh_EX\MyForm.h(313,1): error C2039: 'hkoglPanelControl1': 並非 'OpenMesh_EX::MyForm' 的成員
D:\Mesh-Face-Clustering\OpenMesh_EX\MyForm.h(31): message : 請參閱 'OpenMesh_EX::MyForm' 的宣告
D:\Mesh-Face-Clustering\OpenMesh_EX\MyForm.h(314,1): error C2039: 'hkoglPanelControl1': 並非 'OpenMesh_EX::MyForm' 的成員
D:\Mesh-Face-Clustering\OpenMesh_EX\MyForm.h(31): message : 請參閱 'OpenMesh_EX::MyForm' 的宣告
D:\Mesh-Face-Clustering\OpenMesh_EX\MyForm.h(315,1): error C2039: 'hkoglPanelControl1': 並非 'OpenMesh_EX::MyForm' 的成員
D:\Mesh-Face-Clustering\OpenMesh_EX\MyForm.h(31): message : 請參閱 'OpenMesh_EX::MyForm' 的宣告
D:\Mesh-Face-Clustering\OpenMesh_EX\MyForm.h(316,1): error C2039: 'hkoglPanelControl1': 並非 'OpenMesh_EX::MyForm' 的成員
D:\Mesh-Face-Clustering\OpenMesh_EX\MyForm.h(31): message : 請參閱 'OpenMesh_EX::MyForm' 的宣告
D:\Mesh-Face-Clustering\OpenMesh_EX\MyForm.h(468,1): error C2039: 'hkoglPanelControl1': 並非 'OpenMesh_EX::MyForm' 的成員
D:\Mesh-Face-Clustering\OpenMesh_EX\MyForm.h(31): message : 請參閱 'OpenMesh_EX::MyForm' 的宣告
D:\Mesh-Face-Clustering\OpenMesh_EX\MyForm.h(535,3): error C2065: 'hkoglPanelControl1': 未宣告的識別項
D:\Mesh-Face-Clustering\OpenMesh_EX\MyForm.h(548,3): error C2065: 'hkoglPanelControl1': 未宣告的識別項
D:\Mesh-Face-Clustering\OpenMesh_EX\MyForm.h(563,3): error C2065: 'hkoglPanelControl1': 未宣告的識別項
D:\Mesh-Face-Clustering\OpenMesh_EX\MyForm.h(575,3): error C2065: 'hkoglPanelControl1': 未宣告的識別項
D:\Mesh-Face-Clustering\OpenMesh_EX\MyForm.h(606,2): error C2065: 'hkoglPanelControl1': 未宣告的識別項
D:\Mesh-Face-Clustering\OpenMesh_EX\MyForm.cpp(6,1): warning C4829: 函式 main 的參數可能不正確。請考慮 'int main(Platform::Array<Platform::String^>^ argv)'
  .NETFramework,Version=v4.5.2.AssemblyAttributes.cpp
  正在產生程式碼...
D:\Mesh-Face-Clustering\OpenMesh_EX\Mesh\GUA_OM.cpp : warning C4793: 'OpenMesh::ArrayKernel::`vcall'{32}'': 函式會編譯成機器碼:
  	非 clrcall 的 vcall Thunk 必須編譯為原生
D:\Mesh-Face-Clustering\OpenMesh_EX\Mesh\GUA_OM.cpp : warning C4793: 'OpenMesh::ArrayKernel::`vcall'{24}'': 函式會編譯成機器碼:
  	非 clrcall 的 vcall Thunk 必須編譯為原生
D:\Mesh-Face-Clustering\OpenMesh_EX\Mesh\GUA_OM.cpp : warning C4793: 'OpenMesh::ArrayKernel::`vcall'{8}'': 函式會編譯成機器碼:
  	非 clrcall 的 vcall Thunk 必須編譯為原生
D:\Mesh-Face-Clustering\OpenMesh_EX\Mesh\GUA_OM.cpp : warning C4793: 'OpenMesh::ArrayKernel::`vcall'{16}'': 函式會編譯成機器碼:
  	非 clrcall 的 vcall Thunk 必須編譯為原生
